
 Ansys Mechanical Enterprise Academic Student      


 *------------------------------------------------------------------*
 |                                                                  |
 |   W E L C O M E   T O   T H E   A N S Y S (R)  P R O G R A M     |
 |                                                                  |
 *------------------------------------------------------------------*




 ***************************************************************
 *         ANSYS MAPDL 2024 R2          LEGAL NOTICES          *
 ***************************************************************
 *                                                             *
 * Copyright 1971-2024 Ansys, Inc.  All rights reserved.       *
 * Unauthorized use, distribution or duplication is            *
 * prohibited.                                                 *
 *                                                             *
 * Ansys is a registered trademark of Ansys, Inc. or its       *
 * subsidiaries in the United States or other countries.       *
 * See the Ansys, Inc. online documentation or the Ansys, Inc. *
 * documentation CD or online help for the complete Legal      *
 * Notice.                                                     *
 *                                                             *
 ***************************************************************
 *                                                             *
 * THIS ANSYS SOFTWARE PRODUCT AND PROGRAM DOCUMENTATION       *
 * INCLUDE TRADE SECRETS AND CONFIDENTIAL AND PROPRIETARY      *
 * PRODUCTS OF ANSYS, INC., ITS SUBSIDIARIES, OR LICENSORS.    *
 * The software products and documentation are furnished by    *
 * Ansys, Inc. or its subsidiaries under a software license    *
 * agreement that contains provisions concerning               *
 * non-disclosure, copying, length and nature of use,          *
 * compliance with exporting laws, warranties, disclaimers,    *
 * limitations of liability, and remedies, and other           *
 * provisions.  The software products and documentation may be *
 * used, disclosed, transferred, or copied only in accordance  *
 * with the terms and conditions of that software license      *
 * agreement.                                                  *
 *                                                             *
 * Ansys, Inc. is a UL registered                              *
 * ISO 9001:2015 company.                                      *
 *                                                             *
 ***************************************************************
 *                                                             *
 * This product is subject to U.S. laws governing export and   *
 * re-export.                                                  *
 *                                                             *
 * For U.S. Government users, except as specifically granted   *
 * by the Ansys, Inc. software license agreement, the use,     *
 * duplication, or disclosure by the United States Government  *
 * is subject to restrictions stated in the Ansys, Inc.        *
 * software license agreement and FAR 12.212 (for non-DOD      *
 * licenses).                                                  *
 *                                                             *
 ***************************************************************

 2024 R2 
     
 Point Releases and Patches installed:   
     
 Ansys Service Pack 2024 R2.10483780 
 Discovery 2024 R2.10483780  
 Core WB Files 2024 R2.10483780  
 Ansys Dynamic Reporting 2024 R2.10483780
 SpaceClaim 2024 R2.10483780 
 CFX (includes CFD-Post) 2024 R2.10483780
 Chemkin 2024 R2.10483780
 EnSight 2024 R2.10483780
 FENSAP-ICE 2024 R2.10483780 
 Fluent (includes CFD-Post) 2024 R2.10483780 
 Polyflow (includes CFD-Post) 2024 R2.10483780   
 Forte (includes EnSight) 2024 R2.10483780   
 TurboGrid 2024 R2.10483780  
 ACIS Geometry Interface 2024 R2.10483780
 AutoCAD Geometry Interface 2024 R2.10483780 
 Catia, Version 4 Geometry Interface 2024 R2.10483780
 Catia, Version 5 Geometry Interface 2024 R2.10483780
 Catia, Version 6 Geometry Interface 2024 R2.10483780
 Creo Elements/Direct Modeling Geometry Interface 2024 R2.10483780   
 Creo Parametric Geometry Interface 2024 R2.10483780 
 Inventor Geometry Interface 2024 R2.10483780
 JTOpen Geometry Interface 2024 R2.10483780  
 NX Geometry Interface 2024 R2.10483780  
 Parasolid Geometry Interface  2024 R2.10483780  
 Solid Edge Geometry Interface 2024 R2.10483780  
 SOLIDWORKS Geometry Interface 2024 R2.10483780  
 Speos 2024 R2.10483780  
 Aqwa 2024 R2.10483780   
 Autodyn 2024 R2.10483780
 Material Calibration App 2024 R2.10483780   
 Customization Files for User Programmable Features 2024 R2.10483780 
 Mechanical Products 2024 R2.10483780
 Motion 2024 R2.10483780 
 Academic Student 2024 R2.10483780   


          *****  MAPDL COMMAND LINE ARGUMENTS  *****
  BATCH MODE REQUESTED (-b)    = NOLIST
  INPUT FILE COPY MODE (-c)    = COPY
  DISTRIBUTED MEMORY PARALLEL REQUESTED
       4 PARALLEL PROCESSES REQUESTED WITH SINGLE THREAD PER PROCESS
    TOTAL OF     4 CORES REQUESTED
  INPUT FILE NAME              = C:\Users\Gabriel Yu\AppData\Local\Temp\WB_Gabriel Yu_10864_2\_ProjectScratch\Scr8D73\dummy.dat
  OUTPUT FILE NAME             = C:\Users\Gabriel Yu\AppData\Local\Temp\WB_Gabriel Yu_10864_2\_ProjectScratch\Scr8D73\solve.out
  START-UP FILE MODE           = NOREAD
  STOP FILE MODE               = NOREAD

 RELEASE= 2024 R2              BUILD= 24.2      UP20240513   VERSION=WINDOWS x64 
 CURRENT JOBNAME=file0  12:42:37  OCT 27, 2024 CP=      0.016


 PARAMETER _DS_PROGRESS =     999.0000000    

 /INPUT FILE= ds.dat  LINE=       0



 *** NOTE ***                            CP =       0.062   TIME= 12:42:37
 The /CONFIG,NOELDB command is not valid in a distributed memory         
 parallel solution.  Command is ignored.                                 

 *GET  _WALLSTRT  FROM  ACTI  ITEM=TIME WALL  VALUE=  12.7102778    

 TITLE= 
 wbnew--Static Structural (A5)                                                 

  ACT Extensions:
      LSDYNA, 2024.2
      5f463412-bd3e-484b-87e7-cbc0a665e474, wbex
 /COM,     ANSYSMotion, 2024.2
      20180725-3f81-49eb-9f31-41364844c769, wbex
  

 SET PARAMETER DIMENSIONS ON  _WB_PROJECTSCRATCH_DIR
  TYPE=STRI  DIMENSIONS=      248        1        1

 PARAMETER _WB_PROJECTSCRATCH_DIR(1) = C:\Users\Gabriel Yu\AppData\Local\Temp\WB_Gabriel Yu_10864_2\_ProjectScratch\Scr8D73\

 SET PARAMETER DIMENSIONS ON  _WB_SOLVERFILES_DIR
  TYPE=STRI  DIMENSIONS=      248        1        1

 PARAMETER _WB_SOLVERFILES_DIR(1) = C:\Users\Gabriel Yu\AppData\Local\Temp\WB_Gabriel Yu_10864_2\wbnew_files\dp0\SYS\MECH\

 SET PARAMETER DIMENSIONS ON  _WB_USERFILES_DIR
  TYPE=STRI  DIMENSIONS=      248        1        1

 PARAMETER _WB_USERFILES_DIR(1) = C:\Users\Gabriel Yu\AppData\Local\Temp\WB_Gabriel Yu_10864_2\wbnew_files\user_files\
 --- Data in consistent NMM units. See Solving Units in the help system for more

 MPA UNITS SPECIFIED FOR INTERNAL    
  LENGTH      = MILLIMETERS (mm)
  MASS        = TONNE (Mg)
  TIME        = SECONDS (sec)
  TEMPERATURE = CELSIUS (C)
  TOFFSET     = 273.0
  FORCE       = NEWTON (N)
  HEAT        = MILLIJOULES (mJ)

 INPUT  UNITS ARE ALSO SET TO MPA 

 *** MAPDL - ENGINEERING ANALYSIS SYSTEM  RELEASE 2024 R2          24.2     ***
 Ansys Mechanical Enterprise Academic Student      
 01055371  VERSION=WINDOWS x64   12:42:37  OCT 27, 2024 CP=      0.078

 wbnew--Static Structural (A5)                                                 



          ***** MAPDL ANALYSIS DEFINITION (PREP7) *****
 *********** Nodes for the whole assembly ***********
 *********** Elements for Body 1 'SYS\ DE       27' ***********
 *********** Send User Defined Coordinate System(s) ***********
 *********** Set Reference Temperature ***********
 *********** Send Materials ***********
 *********** Fixed Supports ***********
 *********** Define Force Using Surface Effect Elements ***********
 *********** Define Force Using Surface Effect Elements ***********
 *********** Define Force Using Surface Effect Elements ***********
 *********** Define Force Using Surface Effect Elements ***********
 *********** Define Force Using Surface Effect Elements ***********
 *********** Define Force Using Surface Effect Elements ***********


 ***** ROUTINE COMPLETED *****  CP =         0.078


 --- Number of total nodes = 13382
 --- Number of contact elements = 78
 --- Number of spring elements = 0
 --- Number of bearing elements = 0
 --- Number of solid elements = 7242
 --- Number of condensed parts = 0
 --- Number of total elements = 7320

 *GET  _WALLBSOL  FROM  ACTI  ITEM=TIME WALL  VALUE=  12.7102778    
 ****************************************************************************
 *************************    SOLUTION       ********************************
 ****************************************************************************

 *****  MAPDL SOLUTION ROUTINE  *****


 PERFORM A STATIC ANALYSIS
  THIS WILL BE A NEW ANALYSIS

 PARAMETER _THICKRATIO =     1.000000000    

 USE PRECONDITIONED CONJUGATE GRADIENT SOLVER
  CONVERGENCE TOLERANCE = 1.00000E-08
  MAXIMUM ITERATION     = NumNode*DofPerNode*  1.0000    

 CONTACT INFORMATION PRINTOUT LEVEL       1

 CHECK INITIAL OPEN/CLOSED STATUS OF SELECTED CONTACT ELEMENTS
      AND LIST DETAILED CONTACT PAIR INFORMATION

 SPLIT CONTACT SURFACES AT SOLVE PHASE

    NUMBER OF SPLITTING TBD BY PROGRAM

 DO NOT COMBINE ELEMENT MATRIX FILES (.emat) AFTER DISTRIBUTED PARALLEL SOLUTION

 DO NOT COMBINE ELEMENT SAVE DATA FILES (.esav) AFTER DISTRIBUTED PARALLEL SOLUTION

 NLDIAG: Nonlinear diagnostics CONT option is set to ON. 
         Writing frequency : each ITERATION.

 DO NOT SAVE ANY RESTART FILES AT ALL
 ****************************************************
 ******************* SOLVE FOR LS 1 OF 1 ****************

 SELECT       FOR ITEM=TYPE COMPONENT=    
  IN RANGE         2 TO          2 STEP          1

         13  ELEMENTS (OF       7320  DEFINED) SELECTED BY  ESEL  COMMAND.

 SELECT      ALL NODES HAVING ANY ELEMENT IN ELEMENT SET.

         38 NODES (OF      13382  DEFINED) SELECTED FROM
       13 SELECTED ELEMENTS BY NSLE COMMAND.

 SPECIFIED SURFACE LOAD PRES FOR ALL SELECTED ELEMENTS  LKEY =  1   KVAL = 1
     VALUES =    0.95944E-03    0.95944E-03    0.95944E-03    0.95944E-03

 SPECIFIED SURFACE LOAD PRES FOR ALL SELECTED ELEMENTS  LKEY =  2   KVAL = 1
     VALUES =    0.82200E-01    0.82200E-01    0.82200E-01    0.82200E-01

 SPECIFIED SURFACE LOAD PRES FOR ALL SELECTED ELEMENTS  LKEY =  3   KVAL = 1
     VALUES =   -0.55393E-03   -0.55393E-03   -0.55393E-03   -0.55393E-03

 SELECT       FOR ITEM=TYPE COMPONENT=    
  IN RANGE         3 TO          3 STEP          1

         15  ELEMENTS (OF       7320  DEFINED) SELECTED BY  ESEL  COMMAND.

 SELECT      ALL NODES HAVING ANY ELEMENT IN ELEMENT SET.

         42 NODES (OF      13382  DEFINED) SELECTED FROM
       15 SELECTED ELEMENTS BY NSLE COMMAND.

 SPECIFIED SURFACE LOAD PRES FOR ALL SELECTED ELEMENTS  LKEY =  1   KVAL = 1
     VALUES =   -0.10132E-02   -0.10132E-02   -0.10132E-02   -0.10132E-02

 SPECIFIED SURFACE LOAD PRES FOR ALL SELECTED ELEMENTS  LKEY =  2   KVAL = 1
     VALUES =    0.81210E-01    0.81210E-01    0.81210E-01    0.81210E-01

 SPECIFIED SURFACE LOAD PRES FOR ALL SELECTED ELEMENTS  LKEY =  3   KVAL = 1
     VALUES =    0.58498E-03    0.58498E-03    0.58498E-03    0.58498E-03

 SELECT       FOR ITEM=TYPE COMPONENT=    
  IN RANGE         4 TO          4 STEP          1

         11  ELEMENTS (OF       7320  DEFINED) SELECTED BY  ESEL  COMMAND.

 SELECT      ALL NODES HAVING ANY ELEMENT IN ELEMENT SET.

         34 NODES (OF      13382  DEFINED) SELECTED FROM
       11 SELECTED ELEMENTS BY NSLE COMMAND.

 SPECIFIED SURFACE LOAD PRES FOR ALL SELECTED ELEMENTS  LKEY =  1   KVAL = 1
     VALUES =   -0.95949E-03   -0.95949E-03   -0.95949E-03   -0.95949E-03

 SPECIFIED SURFACE LOAD PRES FOR ALL SELECTED ELEMENTS  LKEY =  2   KVAL = 1
     VALUES =    0.82204E-01    0.82204E-01    0.82204E-01    0.82204E-01

 SPECIFIED SURFACE LOAD PRES FOR ALL SELECTED ELEMENTS  LKEY =  3   KVAL = 1
     VALUES =   -0.55396E-03   -0.55396E-03   -0.55396E-03   -0.55396E-03

 SELECT       FOR ITEM=TYPE COMPONENT=    
  IN RANGE         5 TO          5 STEP          1

         17  ELEMENTS (OF       7320  DEFINED) SELECTED BY  ESEL  COMMAND.

 SELECT      ALL NODES HAVING ANY ELEMENT IN ELEMENT SET.

         46 NODES (OF      13382  DEFINED) SELECTED FROM
       17 SELECTED ELEMENTS BY NSLE COMMAND.

 SPECIFIED SURFACE LOAD PRES FOR ALL SELECTED ELEMENTS  LKEY =  1   KVAL = 1
     VALUES =    0.10113E-02    0.10113E-02    0.10113E-02    0.10113E-02

 SPECIFIED SURFACE LOAD PRES FOR ALL SELECTED ELEMENTS  LKEY =  2   KVAL = 1
     VALUES =    0.81060E-01    0.81060E-01    0.81060E-01    0.81060E-01

 SPECIFIED SURFACE LOAD PRES FOR ALL SELECTED ELEMENTS  LKEY =  3   KVAL = 1
     VALUES =    0.58390E-03    0.58390E-03    0.58390E-03    0.58390E-03

 SELECT       FOR ITEM=TYPE COMPONENT=    
  IN RANGE         6 TO          6 STEP          1

          9  ELEMENTS (OF       7320  DEFINED) SELECTED BY  ESEL  COMMAND.

 SELECT      ALL NODES HAVING ANY ELEMENT IN ELEMENT SET.

         30 NODES (OF      13382  DEFINED) SELECTED FROM
        9 SELECTED ELEMENTS BY NSLE COMMAND.

 SPECIFIED SURFACE LOAD PRES FOR ALL SELECTED ELEMENTS  LKEY =  1   KVAL = 1
     VALUES =     0.0000         0.0000         0.0000         0.0000    

 SPECIFIED SURFACE LOAD PRES FOR ALL SELECTED ELEMENTS  LKEY =  2   KVAL = 1
     VALUES =    0.82208E-01    0.82208E-01    0.82208E-01    0.82208E-01

 SPECIFIED SURFACE LOAD PRES FOR ALL SELECTED ELEMENTS  LKEY =  3   KVAL = 1
     VALUES =    0.11080E-02    0.11080E-02    0.11080E-02    0.11080E-02

 SELECT       FOR ITEM=TYPE COMPONENT=    
  IN RANGE         7 TO          7 STEP          1

         13  ELEMENTS (OF       7320  DEFINED) SELECTED BY  ESEL  COMMAND.

 SELECT      ALL NODES HAVING ANY ELEMENT IN ELEMENT SET.

         38 NODES (OF      13382  DEFINED) SELECTED FROM
       13 SELECTED ELEMENTS BY NSLE COMMAND.

 SPECIFIED SURFACE LOAD PRES FOR ALL SELECTED ELEMENTS  LKEY =  1   KVAL = 1
     VALUES =     0.0000         0.0000         0.0000         0.0000    

 SPECIFIED SURFACE LOAD PRES FOR ALL SELECTED ELEMENTS  LKEY =  2   KVAL = 1
     VALUES =    0.81211E-01    0.81211E-01    0.81211E-01    0.81211E-01

 SPECIFIED SURFACE LOAD PRES FOR ALL SELECTED ELEMENTS  LKEY =  3   KVAL = 1
     VALUES =   -0.11700E-02   -0.11700E-02   -0.11700E-02   -0.11700E-02

 ALL SELECT   FOR ITEM=NODE COMPONENT=    
  IN RANGE         1 TO      13382 STEP          1

      13382  NODES (OF      13382  DEFINED) SELECTED BY NSEL  COMMAND.

 ALL SELECT   FOR ITEM=ELEM COMPONENT=    
  IN RANGE         1 TO      10920 STEP          1

       7320  ELEMENTS (OF       7320  DEFINED) SELECTED BY  ESEL  COMMAND.

 PRINTOUT RESUMED BY /GOP

 USE       1 SUBSTEPS INITIALLY THIS LOAD STEP FOR ALL  DEGREES OF FREEDOM
 FOR AUTOMATIC TIME STEPPING:
   USE      1 SUBSTEPS AS A MAXIMUM
   USE      1 SUBSTEPS AS A MINIMUM

 TIME=  1.0000    

 ERASE THE CURRENT DATABASE OUTPUT CONTROL TABLE.


 WRITE ALL  ITEMS TO THE DATABASE WITH A FREQUENCY OF NONE
   FOR ALL APPLICABLE ENTITIES

 WRITE NSOL ITEMS TO THE DATABASE WITH A FREQUENCY OF ALL 
   FOR ALL APPLICABLE ENTITIES

 WRITE RSOL ITEMS TO THE DATABASE WITH A FREQUENCY OF ALL 
   FOR ALL APPLICABLE ENTITIES

 WRITE EANG ITEMS TO THE DATABASE WITH A FREQUENCY OF ALL 
   FOR ALL APPLICABLE ENTITIES

 WRITE ETMP ITEMS TO THE DATABASE WITH A FREQUENCY OF ALL 
   FOR ALL APPLICABLE ENTITIES

 WRITE VENG ITEMS TO THE DATABASE WITH A FREQUENCY OF ALL 
   FOR ALL APPLICABLE ENTITIES

 WRITE STRS ITEMS TO THE DATABASE WITH A FREQUENCY OF ALL 
   FOR ALL APPLICABLE ENTITIES

 WRITE EPEL ITEMS TO THE DATABASE WITH A FREQUENCY OF ALL 
   FOR ALL APPLICABLE ENTITIES

 WRITE EPPL ITEMS TO THE DATABASE WITH A FREQUENCY OF ALL 
   FOR ALL APPLICABLE ENTITIES

 WRITE CONT ITEMS TO THE DATABASE WITH A FREQUENCY OF ALL 
   FOR ALL APPLICABLE ENTITIES

 *GET  ANSINTER_  FROM  ACTI  ITEM=INT        VALUE=  0.00000000    

 *IF  ANSINTER_  ( =   0.00000     )  NE  
      0  ( =   0.00000     )  THEN    

 *ENDIF

 *** NOTE ***                            CP =       0.078   TIME= 12:42:37
 The automatic domain decomposition logic has selected the MESH domain   
 decomposition method with 4 processes per solution.                     

 *****  MAPDL SOLVE    COMMAND  *****

 *** WARNING ***                         CP =       0.078   TIME= 12:42:37
 Element shape checking is currently inactive.  Issue SHPP,ON or         
 SHPP,WARN to reactivate, if desired.                                    

 *** NOTE ***                            CP =       0.078   TIME= 12:42:37
 The model data was checked and warning messages were found.             
  Please review output or errors file ( C:\Users\Gabriel                 
 Yu\AppData\Local\Temp\WB_Gabriel                                        
 Yu_10864_2\_ProjectScratch\Scr8D73\file0.err ) for these warning        
 messages.                                                               

 *** SELECTION OF ELEMENT TECHNOLOGIES FOR APPLICABLE ELEMENTS ***
      --- GIVE SUGGESTIONS AND RESET THE KEY OPTIONS ---

 ELEMENT TYPE         1 IS SOLID187. IT IS NOT ASSOCIATED WITH FULLY INCOMPRESSIBLE
 HYPERELASTIC MATERIALS. NO SUGGESTION IS AVAILABLE AND NO RESETTING IS NEEDED.



 *** MAPDL - ENGINEERING ANALYSIS SYSTEM  RELEASE 2024 R2          24.2     ***
 Ansys Mechanical Enterprise Academic Student      
 01055371  VERSION=WINDOWS x64   12:42:37  OCT 27, 2024 CP=      0.078

 wbnew--Static Structural (A5)                                                 



                       S O L U T I O N   O P T I O N S

   PROBLEM DIMENSIONALITY. . . . . . . . . . . . .3-D                  
   DEGREES OF FREEDOM. . . . . . UX   UY   UZ  
   ANALYSIS TYPE . . . . . . . . . . . . . . . . .STATIC (STEADY-STATE)
   OFFSET TEMPERATURE FROM ABSOLUTE ZERO . . . . .  273.15    
   EQUATION SOLVER OPTION. . . . . . . . . . . . .PCG                
      TOLERANCE. . . . . . . . . . . . . . . . . . 1.00000E-08
   GLOBALLY ASSEMBLED MATRIX . . . . . . . . . . .SYMMETRIC  

 *** WARNING ***                         CP =       0.078   TIME= 12:42:37
 Material number 2 (used by element 10843) should normally have at least 
 one MP or one TB type command associated with it.  Output of energy by  
 material may not be available.                                          

 *** NOTE ***                            CP =       0.078   TIME= 12:42:37
 The step data was checked and warning messages were found.              
  Please review output or errors file ( C:\Users\Gabriel                 
 Yu\AppData\Local\Temp\WB_Gabriel                                        
 Yu_10864_2\_ProjectScratch\Scr8D73\file0.err ) for these warning        
 messages.                                                               

 *** NOTE ***                            CP =       0.078   TIME= 12:42:37
 The conditions for direct assembly have been met.  No .emat or .erot    
 files will be produced.                                                 

  
  
     D I S T R I B U T E D   D O M A I N   D E C O M P O S E R
  
  ...Number of elements: 7320
  ...Number of nodes:    13382
  ...Decompose to 4 CPU domains
  ...Element load balance ratio =     1.005


                      L O A D   S T E P   O P T I O N S

   LOAD STEP NUMBER. . . . . . . . . . . . . . . .     1
   TIME AT END OF THE LOAD STEP. . . . . . . . . .  1.0000    
   NUMBER OF SUBSTEPS. . . . . . . . . . . . . . .     1
   STEP CHANGE BOUNDARY CONDITIONS . . . . . . . .    NO
   PRINT OUTPUT CONTROLS . . . . . . . . . . . . .NO PRINTOUT
   DATABASE OUTPUT CONTROLS
      ITEM     FREQUENCY   COMPONENT
       ALL       NONE               
      NSOL        ALL               
      RSOL        ALL               
      EANG        ALL               
      ETMP        ALL               
      VENG        ALL               
      STRS        ALL               
      EPEL        ALL               
      EPPL        ALL               
      CONT        ALL               


 SOLUTION MONITORING INFO IS WRITTEN TO FILE= file.mntr                                                                                                                                                                                                                                                           


 *** NOTE ***                            CP =       0.078   TIME= 12:42:37
 The PCG solver has automatically set the level of difficulty for this   
 model to 2.                                                             


                         ***********  PRECISE MASS SUMMARY  ***********

   TOTAL RIGID BODY MASS MATRIX ABOUT ORIGIN
               Translational mass               |   Coupled translational/rotational mass
        0.24919E-03    0.0000        0.0000     |     0.0000      -0.39107E-05  -0.96894E-03
         0.0000       0.24919E-03    0.0000     |    0.39107E-05    0.0000       0.42180E-05
         0.0000        0.0000       0.24919E-03 |    0.96894E-03  -0.42180E-05    0.0000    
     ------------------------------------------ | ------------------------------------------
                                                |         Rotational mass (inertia)
                                                |    0.22091      -0.10962E-03  -0.49458E-04
                                                |   -0.10962E-03   0.37221       0.89428E-04
                                                |   -0.49458E-04   0.89428E-04   0.22127    

   TOTAL MASS = 0.24919E-03
     The mass principal axes coincide with the global Cartesian axes

   CENTER OF MASS (X,Y,Z)=   0.16927E-01    3.8884      -0.15694E-01

   TOTAL INERTIA ABOUT CENTER OF MASS
        0.21714      -0.93221E-04  -0.49524E-04
       -0.93221E-04   0.37221       0.74221E-04
       -0.49524E-04   0.74221E-04   0.21750    
     The inertia principal axes coincide with the global Cartesian axes


  *** MASS SUMMARY BY ELEMENT TYPE ***

  TYPE      MASS
     1  0.249189E-03

 Range of element maximum matrix coefficients in global coordinates
 Maximum = 489450.017 at element 5730.                                   
 Minimum = 2444.50271 at element 7038.                                   

   *** ELEMENT MATRIX FORMULATION TIMES
     TYPE    NUMBER   ENAME      TOTAL CP  AVE CP

        1      7242  SOLID187      0.125   0.000017
        2        13  SURF154       0.000   0.000000
        3        15  SURF154       0.000   0.000000
        4        11  SURF154       0.000   0.000000
        5        17  SURF154       0.000   0.000000
        6         9  SURF154       0.000   0.000000
        7        13  SURF154       0.000   0.000000
 Time at end of element matrix formulation CP = 0.109375.                
 Iteration=    10 Ratio=  0.144798     Limit=  1.000000E-08 Wall=     0.0
 Iteration=    60 Ratio=  8.164969E-04 Limit=  1.000000E-08 Wall=     0.0
 Iteration=   145 Ratio=  2.895876E-06 Limit=  1.000000E-08 Wall=     0.1

 DISTRIBUTED PCG SOLVER SOLUTION CONVERGED

 DISTRIBUTED PCG SOLVER SOLUTION STATISTICS

   NUMBER OF ITERATIONS=         311
   NUMBER OF EQUATIONS =       40146
   LEVEL OF CONVERGENCE=           1
   CALCULATED NORM     = 0.97889E-08
   SPECIFIED TOLERANCE = 0.10000E-07
   TOTAL CPU TIME (sec)=        0.09
   TOTAL WALL TIME(sec)=        0.22
   TOTAL MEMORY (GB)   =        0.02


   *** ELEMENT RESULT CALCULATION TIMES
     TYPE    NUMBER   ENAME      TOTAL CP  AVE CP

        1      7242  SOLID187      0.094   0.000013
        2        13  SURF154       0.000   0.000000
        3        15  SURF154       0.000   0.000000
        4        11  SURF154       0.000   0.000000
        5        17  SURF154       0.000   0.000000
        6         9  SURF154       0.000   0.000000
        7        13  SURF154       0.000   0.000000

   *** NODAL LOAD CALCULATION TIMES
     TYPE    NUMBER   ENAME      TOTAL CP  AVE CP

        1      7242  SOLID187      0.016   0.000002
        2        13  SURF154       0.000   0.000000
        3        15  SURF154       0.000   0.000000
        4        11  SURF154       0.000   0.000000
        5        17  SURF154       0.000   0.000000
        6         9  SURF154       0.000   0.000000
        7        13  SURF154       0.000   0.000000
 *** LOAD STEP     1   SUBSTEP     1  COMPLETED.    CUM ITER =      1
 *** TIME =   1.00000         TIME INC =   1.00000      NEW TRIANG MATRIX


 *** MAPDL BINARY FILE STATISTICS
  BUFFER SIZE USED= 16384
        1.500 MB WRITTEN ON RESULTS FILE: file0.rst
 *************** Write FE CONNECTORS *********

 WRITE OUT CONSTRAINT EQUATIONS TO FILE= file.ce                                                                                                                                                                                                                                                             
 ****************************************************
 *************** FINISHED SOLVE FOR LS 1 *************

 *GET  _WALLASOL  FROM  ACTI  ITEM=TIME WALL  VALUE=  12.7105556    

 PRINTOUT RESUMED BY /GOP

 *GET  _PCGITER  FROM  ACTI  ITEM=SOLU CGIT  VALUE=  311.000000    

 FINISH SOLUTION PROCESSING


 ***** ROUTINE COMPLETED *****  CP =         0.281



 *** MAPDL - ENGINEERING ANALYSIS SYSTEM  RELEASE 2024 R2          24.2     ***
 Ansys Mechanical Enterprise Academic Student      
 01055371  VERSION=WINDOWS x64   12:42:38  OCT 27, 2024 CP=      0.297

 wbnew--Static Structural (A5)                                                 



          ***** MAPDL RESULTS INTERPRETATION (POST1) *****

 *** NOTE ***                            CP =       0.297   TIME= 12:42:38
 Reading results into the database (SET command) will update the current 
 displacement and force boundary conditions in the database with the     
 values from the results file for that load set.  Note that any          
 subsequent solutions will use these values unless action is taken to    
 either SAVE the current values or not overwrite them (/EXIT,NOSAVE).    

 Set Encoding of XML File to:ISO-8859-1

 Set Output of XML File to:
     PARM,     ,     ,     ,     ,     ,     ,     ,     ,     ,     ,     ,
         ,     ,     ,     ,     ,     ,     ,

 DATABASE WRITTEN ON FILE  parm.xml                                                                                                                                                                                                                                                            

 EXIT THE MAPDL POST1 DATABASE PROCESSOR


 ***** ROUTINE COMPLETED *****  CP =         0.297



 PRINTOUT RESUMED BY /GOP

 *GET  _WALLDONE  FROM  ACTI  ITEM=TIME WALL  VALUE=  12.7105556    

 PARAMETER _PREPTIME =     0.000000000    

 PARAMETER _SOLVTIME =     1.000000000    

 PARAMETER _POSTTIME =     0.000000000    

 PARAMETER _TOTALTIM =     1.000000000    

 *GET  _DLBRATIO  FROM  ACTI  ITEM=SOLU DLBR  VALUE=  1.00491803    

 *GET  _COMBTIME  FROM  ACTI  ITEM=SOLU COMB  VALUE= 0.166580000E-01

 *GET  _SSMODE   FROM  ACTI  ITEM=SOLU SSMM  VALUE=  0.00000000    

 *GET  _NDOFS    FROM  ACTI  ITEM=SOLU NDOF  VALUE=  39297.0000    

 *GET  _SOL_END_TIME  FROM  ACTI  ITEM=SET  TIME  VALUE=  1.00000000    

 *IF  _sol_end_time  ( =   1.00000     )  EQ  
      1.000000  ( =   1.00000     )  THEN    

 /FCLEAN COMMAND REMOVING ALL LOCAL FILES

 *ENDIF
 --- Total number of nodes = 13382
 --- Total number of elements = 7320
 --- Element load balance ratio = 1.00491803
 --- Time to combine distributed files = 1.6658E-02
 --- Sparse memory mode = 0
 --- Number of DOF = 39297

 EXIT MAPDL WITHOUT SAVING DATABASE


 NUMBER OF WARNING MESSAGES ENCOUNTERED=          2
 NUMBER OF ERROR   MESSAGES ENCOUNTERED=          0

+--------------------- M A P D L   S T A T I S T I C S ------------------------+

Release: 2024 R2            Build: 24.2       Update: UP20240513   Platform: WINDOWS x64 
Date Run: 10/27/2024   Time: 12:42     Process ID: 35044
Operating System: Windows 11  (Build: 22631)

Processor Model: 13th Gen Intel(R) Core(TM) i9-13900K

Compiler: Intel(R) Fortran Compiler Classic Version 2021.9  (Build: 20230302)
          Intel(R) C/C++ Compiler Classic Version 2021.9  (Build: 20230302)
          Intel(R) oneAPI Math Kernel Library Version 2023.1-Product Build 20230303

Number of machines requested            :    1
Total number of cores available         :   32
Number of physical cores available      :   24
Number of processes requested           :    4
Number of threads per process requested :    1
Total number of cores requested         :    4 (Distributed Memory Parallel)               
MPI Type: INTELMPI
MPI Version: Intel(R) MPI Library 2021.11 for Windows* OS


GPU Acceleration: Not Requested

Job Name: file0
Input File: dummy.dat

  Core                Machine Name   Working Directory
 -----------------------------------------------------
     0             DESKTOP-1JCLEPH   C:\Users\Gabriel Yu\AppData\Local\Temp\WB_Gabriel Yu_10864_2\_ProjectScratch\Scr8D73
     1             DESKTOP-1JCLEPH   C:\Users\Gabriel Yu\AppData\Local\Temp\WB_Gabriel Yu_10864_2\_ProjectScratch\Scr8D73
     2             DESKTOP-1JCLEPH   C:\Users\Gabriel Yu\AppData\Local\Temp\WB_Gabriel Yu_10864_2\_ProjectScratch\Scr8D73
     3             DESKTOP-1JCLEPH   C:\Users\Gabriel Yu\AppData\Local\Temp\WB_Gabriel Yu_10864_2\_ProjectScratch\Scr8D73
 
Latency time from master to core     1 =    1.188 microseconds
Latency time from master to core     2 =    1.194 microseconds
Latency time from master to core     3 =    1.151 microseconds
 
Communication speed from master to core     1 = 15197.86 MB/sec
Communication speed from master to core     2 = 16483.63 MB/sec
Communication speed from master to core     3 = 15643.94 MB/sec

Total CPU time for main thread                    :        0.4 seconds
Total CPU time summed for all threads             :        0.3 seconds

Elapsed time spent obtaining a license            :        0.4 seconds
Elapsed time spent pre-processing model (/PREP7)  :        0.0 seconds
Elapsed time spent solution - preprocessing       :        0.1 seconds
Elapsed time spent computing solution             :        0.3 seconds
Elapsed time spent solution - postprocessing      :        0.0 seconds
Elapsed time spent post-processing model (/POST1) :        0.0 seconds
 
Equation solver used                              :            PCG (symmetric)
Equation solver computational rate                :       35.0 Gflops

Sum of disk space used on all processes           :       20.0 MB

Sum of memory used on all processes               :      230.0 MB
Sum of memory allocated on all processes          :     2880.0 MB
Physical memory available                         :         64 GB
Total amount of I/O written to disk               :        0.0 GB
Total amount of I/O read from disk                :        0.0 GB

+------------------ E N D   M A P D L   S T A T I S T I C S -------------------+


 *-----------------------------------------------------------------------------*
 |                                                                             |
 |                               RUN COMPLETED                                 |
 |                                                                             |
 |-----------------------------------------------------------------------------|
 |                                                                             |
 |  Ansys MAPDL 2024 R2         Build 24.2         UP20240513    WINDOWS x64   |
 |                                                                             |
 |-----------------------------------------------------------------------------|
 |                                                                             |
 |  Database Requested(-db)     1024 MB     Scratch Memory Requested   1024 MB |
 |  Max Database Used(Master)     10 MB     Max Scratch Used(Master)     62 MB |
 |  Max Database Used(Workers)     1 MB     Max Scratch Used(Workers)    52 MB |
 |  Sum Database Used(All)        13 MB     Sum Scratch Used(All)       217 MB |
 |                                                                             |
 |-----------------------------------------------------------------------------|
 |                                                                             |
 |        CP Time      (sec) =          0.312       Time  =  12:42:39          |
 |        Elapsed Time (sec) =          3.000       Date  =  10/27/2024        |
 |                                                                             |
 *-----------------------------------------------------------------------------*
